  Board.cpp
C:\Users\user\Documents\Учеба\RGATU\c++\GaltonBoard\GaltonBoard\Board.cpp(6,12): warning C4244: 'argument': conversion from 'time_t' to 'unsigned int', possible loss of data
C:\Users\user\Documents\Учеба\RGATU\c++\GaltonBoard\GaltonBoard\Board.cpp(9,12): warning C4244: 'initializing': conversion from 'float' to 'int', possible loss of data
C:\Users\user\Documents\Учеба\RGATU\c++\GaltonBoard\GaltonBoard\Board.cpp(10,12): warning C4244: 'initializing': conversion from 'float' to 'int', possible loss of data
C:\Users\user\Documents\Учеба\RGATU\c++\GaltonBoard\GaltonBoard\Board.cpp(17,86): warning C4244: 'argument': conversion from 'T' to 'T', possible loss of data
          with
          [
              T=unsigned int
          ]
          and
          [
              T=float
          ]
C:\Users\user\Documents\Учеба\RGATU\c++\GaltonBoard\GaltonBoard\Board.cpp(24,76): warning C4244: 'argument': conversion from 'T' to 'T', possible loss of data
          with
          [
              T=unsigned int
          ]
          and
          [
              T=float
          ]
C:\Users\user\Documents\Учеба\RGATU\c++\GaltonBoard\GaltonBoard\Board.cpp(168,55): warning C4244: 'argument': conversion from 'T' to 'float', possible loss of data
          with
          [
              T=unsigned int
          ]
C:\Users\user\Documents\Учеба\RGATU\c++\GaltonBoard\GaltonBoard\Board.cpp(168,40): warning C4244: 'argument': conversion from 'T' to 'float', possible loss of data
          with
          [
              T=unsigned int
          ]
C:\Users\user\Documents\Учеба\RGATU\c++\GaltonBoard\GaltonBoard\Board.cpp(171,55): warning C4244: 'argument': conversion from 'T' to 'float', possible loss of data
          with
          [
              T=unsigned int
          ]
C:\Users\user\Documents\Учеба\RGATU\c++\GaltonBoard\GaltonBoard\Board.cpp(171,40): warning C4244: 'argument': conversion from 'T' to 'float', possible loss of data
          with
          [
              T=unsigned int
          ]
C:\Users\user\Documents\Учеба\RGATU\c++\GaltonBoard\GaltonBoard\Board.cpp(177,50): warning C4244: 'argument': conversion from 'T' to 'float', possible loss of data
          with
          [
              T=unsigned int
          ]
C:\Users\user\Documents\Учеба\RGATU\c++\GaltonBoard\GaltonBoard\Board.cpp(177,36): warning C4244: 'argument': conversion from 'T' to 'float', possible loss of data
          with
          [
              T=unsigned int
          ]
  Generating code
  4 of 233 functions ( 1.7%) were compiled, the rest were copied from previous compilation.
    0 functions were new in current compilation
    1 functions had inline decision re-evaluated but remain unchanged
  Finished generating code
  GaltonBoard.vcxproj -> C:\Users\user\Documents\Учеба\RGATU\c++\GaltonBoard\x64\Release\GaltonBoard.exe

Project Performance Summary:
    13290 ms  C:\Users\user\Documents\Учеба\RGATU\c++\GaltonBoard\GaltonBoard\GaltonBoard.vcxproj   1 calls
              13290 ms  Build                                      1 calls

Target Performance Summary:
        0 ms  AfterBuildCompileEvent                     1 calls
        0 ms  _Link                                      1 calls
        0 ms  AfterLink                                  1 calls
        0 ms  ComputeLinkImportLibraryOutputsForClean    1 calls
        0 ms  PreLinkEvent                               1 calls
        0 ms  MakeDirsForLink                            1 calls
        0 ms  PrepareResourceNames                       1 calls
        0 ms  CreateCustomManifestResourceNames          1 calls
        0 ms  ComputeCLGeneratedLinkInputs               1 calls
        0 ms  ComputeManifestGeneratedLinkerInputs       1 calls
        0 ms  ComputeRCGeneratedLinkInputs               1 calls
        0 ms  ComputeRCOutputs                           1 calls
        0 ms  BeforeLink                                 1 calls
        0 ms  ComputeLegacyManifestEmbedding             1 calls
        0 ms  BuildLinkTraverse                          1 calls
        0 ms  BuildCompile                               1 calls
        0 ms  _BuildCompileAction                        1 calls
        0 ms  _ResourceCompile                           1 calls
        0 ms  AfterResourceCompile                       1 calls
        0 ms  MakeDirsForResourceCompile                 1 calls
        0 ms  BeforeResourceCompile                      1 calls
        0 ms  _ClCompile                                 1 calls
        0 ms  _ALink                                     1 calls
        0 ms  _Manifest                                  1 calls
        0 ms  RegisterOutput                             1 calls
        0 ms  ResolvedXDCMake                            1 calls
        0 ms  AfterBuild                                 1 calls
        0 ms  BuildLink                                  1 calls
        0 ms  _BuildLinkAction                           1 calls
        0 ms  PostBuildEvent                             1 calls
        0 ms  PrepareForRun                              1 calls
        0 ms  _CheckForCompileOutputs                    1 calls
        0 ms  _CopySourceItemsToOutputDirectory          1 calls
        0 ms  _GetCopyToOutputDirectoryItemsFromThisProject   1 calls
        0 ms  _GetCopyToOutputDirectoryItemsFromTransitiveProjectReferences   1 calls
        0 ms  GetCopyToOutputDirectoryXamlAppDefs        1 calls
        0 ms  AfterClCompile                             1 calls
        0 ms  _PopulateCommonStateForGetCopyToOutputDirectoryItems   1 calls
        0 ms  CreateSatelliteAssemblies                  1 calls
        0 ms  _GenerateSatelliteAssemblyInputs           1 calls
        0 ms  MakeDirsForFxc                             1 calls
        0 ms  SatelliteDllsProjectOutputGroup            1 calls
        0 ms  BuiltProjectOutputGroup                    1 calls
        0 ms  _BscMake                                   1 calls
        0 ms  MakeDirsForBscMake                         1 calls
        0 ms  ComputeCLCompileGeneratedSbrFiles          1 calls
        0 ms  _XdcMake                                   1 calls
        0 ms  MakeDirsForXdcMake                         1 calls
        0 ms  _Appverifier                               1 calls
        0 ms  SelectClCompile                            1 calls
        0 ms  Build                                      1 calls
        0 ms  BuildGenerateSourcesTraverse               1 calls
        0 ms  ComputeCustomBuildOutput                   1 calls
        0 ms  _AddOutputPathToGlobalPropertiesToRemove   1 calls
        0 ms  SelectCustomBuild                          1 calls
        0 ms  _SelectedFiles                             1 calls
        0 ms  BeforeBuildGenerateSources                 1 calls
        0 ms  _PrepareForReferenceResolution             1 calls
        0 ms  ResolveReferences                          1 calls
        0 ms  CopyFileToFolders                          1 calls
        0 ms  AfterResolveReferences                     1 calls
        0 ms  BeforeResolveReferences                    1 calls
        0 ms  _CheckWindowsSDKInstalled                  1 calls
        0 ms  GetResolvedWinMD                           1 calls
        0 ms  GetReferenceAssemblyPaths                  1 calls
        0 ms  GetFrameworkPaths                          1 calls
        0 ms  ResolveProjectReferences                   1 calls
        0 ms  PrepareProjectReferences                   1 calls
        0 ms  ResolveSDKReferences                       1 calls
        0 ms  _Xsd                                       1 calls
        0 ms  _SplitProjectReferencesByFileExistence     1 calls
        0 ms  AfterBuildGenerateSources                  1 calls
        0 ms  ComputeCLInputPDBName                      1 calls
        0 ms  MakeDirsForMidl                            1 calls
        0 ms  GetReferencedVCProjectsInfo                1 calls
        0 ms  BuildCompileTraverse                       1 calls
        0 ms  ComputeMIDLGeneratedCompileInputs          1 calls
        0 ms  BuildGenerateSources                       1 calls
        0 ms  AfterMidl                                  1 calls
        0 ms  _Midl                                      1 calls
        0 ms  BeforeClCompile                            1 calls
        0 ms  AfterBuildGenerateSourcesEvent             1 calls
        0 ms  FindReferenceAssembliesForReferences       1 calls
        0 ms  _BuildGenerateSourcesAction                1 calls
        1 ms  PreBuildEvent                              1 calls
        1 ms  ComputeLinkInputsFromProject               1 calls
        1 ms  ExpandSDKReferences                        1 calls
        1 ms  SetCABuildNativeEnvironmentVariables       1 calls
        1 ms  DoLinkOutputFilesMatch                     1 calls
        1 ms  ComputeManifestInputsTargets               1 calls
        1 ms  ComputeCLCompileGeneratedXDCFiles          1 calls
        1 ms  SetBuildDefaultEnvironmentVariables        1 calls
        1 ms  ContentFilesProjectOutputGroup             1 calls
        1 ms  ComputeReferenceCLInput                    1 calls
        1 ms  _Deploy                                    1 calls
        1 ms  ResolveAssemblyReferences                  1 calls
        1 ms  ComputeLinkSwitches                        1 calls
        2 ms  FinalizeBuildStatus                        1 calls
        2 ms  _PrepareForBuild                           1 calls
        2 ms  CopyFilesToOutputDirectory                 1 calls
        2 ms  AssignTargetPaths                          1 calls
        3 ms  _CleanGetCurrentAndPriorFileWrites         1 calls
        3 ms  AssignProjectConfiguration                 1 calls
        4 ms  SplitResourcesByCulture                    1 calls
        4 ms  ComputeCLOutputs                           1 calls
        5 ms  GetCopyToOutputDirectoryItems              1 calls
        5 ms  AddExternalIncludDirectoriesToPaths        1 calls
        5 ms  IncrementalClean                           1 calls
        5 ms  WarnCompileDuplicatedFilename              1 calls
        7 ms  MakeDirsForCl                              1 calls
       10 ms  FixupCLCompileOptions                      1 calls
       11 ms  SetTelemetryEnvironmentVariables           1 calls
       12 ms  InitializeBuildStatus                      1 calls
       49 ms  CreateRecipeFile                           1 calls
       76 ms  PrepareForBuild                            1 calls
       95 ms  _CheckForInvalidConfigurationAndPlatform   1 calls
      113 ms  CustomBuild                                1 calls
      392 ms  _GetProjectReferenceTargetFrameworkProperties   1 calls
      775 ms  Link                                       1 calls
    11674 ms  ClCompile                                  1 calls

Task Performance Summary:
        1 ms  ConvertToAbsolutePath                      1 calls
        1 ms  Delete                                     2 calls
        1 ms  AssignTargetPath                           7 calls
        1 ms  MSBuild                                    1 calls
        1 ms  RemoveDuplicates                           2 calls
        1 ms  FindUnderPath                              5 calls
        1 ms  AssignCulture                              1 calls
        1 ms  WriteLinesToFile                           1 calls
        3 ms  AssignProjectConfiguration                 1 calls
        3 ms  Touch                                      2 calls
        4 ms  CallTarget                                 2 calls
        5 ms  SetEnv                                     9 calls
        5 ms  Message                                    3 calls
        8 ms  ReadLinesFromFile                          2 calls
       20 ms  MakeDir                                   10 calls
       49 ms  GenerateDesktopDeployRecipe                1 calls
       50 ms  CheckVCToolsetVersion                      1 calls
      113 ms  GetOutOfDateItems                          3 calls
      773 ms  Link                                       1 calls
    11671 ms  CL                                         1 calls
